SF:lib\extensions\string_ellips_size_extension.dart
DA:24,1
DA:25,2
DA:27,4
DA:29,2
LF:4
LH:4
end_of_record
SF:lib\extensions\widgets_separator_.dart
DA:15,1
DA:16,1
DA:18,4
DA:20,1
DA:21,1
DA:22,1
DA:23,3
DA:26,1
DA:31,1
DA:32,5
DA:51,1
DA:58,1
DA:60,4
DA:62,1
DA:70,1
DA:71,1
DA:72,1
DA:73,2
DA:76,1
LF:19
LH:19
end_of_record
SF:lib\utils\tree_builder_util.dart
DA:12,1
DA:13,1
DA:15,1
DA:17,2
DA:18,1
DA:21,1
DA:26,1
DA:27,1
DA:29,2
DA:30,3
DA:34,2
DA:35,2
DA:36,2
DA:37,3
DA:44,1
DA:46,1
DA:47,5
DA:48,1
DA:52,1
DA:53,1
DA:55,2
DA:56,1
DA:58,1
DA:63,1
DA:67,1
DA:68,2
DA:69,2
DA:70,2
DA:71,1
DA:74,1
DA:84,1
DA:86,1
DA:87,2
DA:97,1
DA:101,2
DA:109,1
LF:36
LH:36
end_of_record
SF:lib\widgets\grouped_radio_button.dart
DA:7,1
DA:14,1
DA:15,1
DA:21,1
DA:23,1
DA:24,3
DA:27,1
DA:29,1
DA:30,2
DA:31,1
DA:32,2
DA:33,1
DA:34,1
DA:36,1
DA:37,1
DA:38,3
DA:40,1
DA:41,3
DA:42,3
DA:46,1
DA:56,1
LF:21
LH:21
end_of_record
